[01m[K/home/dylan/Desktop/noeticws/src/vision/src/samples/sample_detector.cpp:[m[K In function â€˜[01m[Kint main(int, char**)[m[Kâ€™:
[01m[K/home/dylan/Desktop/noeticws/src/vision/src/samples/sample_detector.cpp:26:11:[m[K [01;31m[Kerror: [m[Kâ€˜[01m[Kcap[m[Kâ€™ was not declared in this scope
   26 |     while([01;31m[Kcap[m[K.read(frame) && ros::ok())
      |           [01;31m[K^~~[m[K
[01m[K/home/dylan/Desktop/noeticws/src/vision/src/samples/sample_detector.cpp:26:20:[m[K [01;31m[Kerror: [m[Kâ€˜[01m[Kframe[m[Kâ€™ was not declared in this scope
   26 |     while(cap.read([01;31m[Kframe[m[K) && ros::ok())
      |                    [01;31m[K^~~~~[m[K
[01m[K/home/dylan/Desktop/noeticws/src/vision/src/samples/sample_detector.cpp:34:9:[m[K [01;31m[Kerror: [m[Kâ€˜[01m[Ktimer[m[Kâ€™ was not declared in this scope; did you mean â€˜[01m[KTimer[m[Kâ€™?
   34 |         [01;31m[Ktimer[m[K.reset();
      |         [01;31m[K^~~~~[m[K
      |         [32m[KTimer[m[K
[01m[K/home/dylan/Desktop/noeticws/src/vision/src/samples/sample_detector.cpp:35:9:[m[K [01;31m[Kerror: [m[Kâ€˜[01m[Kdetector[m[Kâ€™ was not declared in this scope; did you mean â€˜[01m[KDetector[m[Kâ€™?
   35 |         [01;31m[Kdetector[m[K->detect(batch_img, batch_res);
      |         [01;31m[K^~~~~~~~[m[K
      |         [32m[KDetector[m[K
[01m[K/home/dylan/Desktop/noeticws/src/vision/src/samples/sample_detector.cpp:35:37:[m[K [01;31m[Kerror: [m[Kâ€˜[01m[Kbatch_res[m[Kâ€™ was not declared in this scope; did you mean â€˜[01m[Kbatch_img[m[Kâ€™?
   35 |         detector->detect(batch_img, [01;31m[Kbatch_res[m[K);
      |                                     [01;31m[K^~~~~~~~~[m[K
      |                                     [32m[Kbatch_img[m[K
make[2]: *** [CMakeFiles/yolo-trt.dir/build.make:63: CMakeFiles/yolo-trt.dir/src/samples/sample_detector.cpp.o] Error 1
make[1]: *** [CMakeFiles/Makefile2:157: CMakeFiles/yolo-trt.dir/all] Error 2
make: *** [Makefile:141: all] Error 2
